Exporter version: 5.6.4, Blender version: 2.79 (sub 0)
========= Conversion from Blender to Babylon.js =========
	Scene settings used :
		export scope        :  ALL
		inline textures     :  false
		Positions Precision :  4
		Normals Precision   :  3
		UVs Precision       :  3
		Vert Color Precision:  3
		Mat Weight Precision:  2
		texture directory   :  C:\Users\Konrad\Desktop\babylon-game\public\models\
	Python World class constructor completed
	WARNING: No active camera has been assigned, or is not in a currently selected Blender layer
	processing begun of skeleton:  Armature, id:  0
		processing begun of bone:  Leg IK.L, index:  0
		processing begun of bone:  Pole Target.L, index:  1
		processing begun of bone:  Hips, index:  2
		processing begun of bone:  Spine, index:  3
		processing begun of bone:  Chest, index:  4
		processing begun of bone:  Neck, index:  5
		processing begun of bone:  Head, index:  6
		processing begun of bone:  Shoulder.L, index:  7
		processing begun of bone:  Upper Arm.L, index:  8
		processing begun of bone:  Lower Arm.L, index:  9
		processing begun of bone:  Hand.L, index:  10
		processing begun of bone:  Fingers01.L, index:  11
		processing begun of bone:  Fingers02.L, index:  12
		processing begun of bone:  Thumb01.L, index:  13
		processing begun of bone:  Thumb02.L, index:  14
		processing begun of bone:  Shoulder.R, index:  15
		processing begun of bone:  Upper Arm.R, index:  16
		processing begun of bone:  Lower Arm.R, index:  17
		processing begun of bone:  Hand.R, index:  18
		processing begun of bone:  Fingers01.R, index:  19
		processing begun of bone:  Fingers02.R, index:  20
		processing begun of bone:  Thumb01.R, index:  21
		processing begun of bone:  Thumb02.R, index:  22
		processing begun of bone:  Upper Leg.L, index:  23
		processing begun of bone:  Lower Leg.L, index:  24
		processing begun of bone:  Foot.L, index:  25
		processing begun of bone:  Toes.L, index:  26
		processing begun of bone:  Leg IK.R, index:  27
		processing begun of bone:  Pole Target.R, index:  28
		processing begun of bone:  Upper Leg.R, index:  29
		processing begun of bone:  Lower Leg.R, index:  30
		processing begun of bone:  Foot.R, index:  31
		processing begun of bone:  Toes.R, index:  32
		processing action Walk:  in[1 - 25], out[0 - 25]
========= An error was encountered =========
  File "C:\Users\Konrad\AppData\Roaming\Blender Foundation\Blender\2.79\scripts\addons\babylon-js\json_exporter.py", line 97, in execute
    self.skeletons.append(Skeleton(object, scene, skeletonId, scene.ignoreIKBones))
  File "C:\Users\Konrad\AppData\Roaming\Blender Foundation\Blender\2.79\scripts\addons\babylon-js\armature.py", line 110, in __init__
    bpy.ops.object.mode_set(mode='EDIT')
  File "C:\Program Files\Blender Foundation\Blender\2.79\scripts\modules\bpy\ops.py", line 189, in __call__
    ret = op_call(self.idname_py(), None, kw)
ERROR:  Operator bpy.ops.object.mode_set.poll() failed, context is incorrect
========= end of processing =========
elapsed time:  0 min, 0.0399 secs
